TN:
SF:src/helpers/dbConnect.ts
FN:21,dbconnect
FN:32,dbclose
FNF:2
FNH:1
FNDA:1,dbconnect
FNDA:0,dbclose
DA:1,1
DA:5,1
DA:6,1
DA:8,0
DA:9,0
DA:11,0
DA:12,0
DA:14,0
DA:15,0
DA:17,1
DA:18,1
DA:22,1
DA:23,1
DA:24,1
DA:26,0
DA:29,1
DA:33,0
DA:36,1
LF:18
LH:10
BRDA:6,0,0,0
BRDA:6,0,1,0
BRDA:6,0,2,0
BRDA:6,0,3,1
BRF:4
BRH:1
end_of_record
TN:
SF:src/models/user.ts
FNF:0
FNH:0
DA:1,1
DA:3,1
DA:5,1
DA:16,1
LF:4
LH:4
BRF:0
BRH:0
end_of_record
TN:
SF:src/services/userService.ts
FN:4,createUser
FN:30,validateUser
FN:39,login
FN:60,randomString
FN:66,hashPassword
FN:71,cleanUserObject
FNF:6
FNH:6
FNDA:6,createUser
FNDA:3,validateUser
FNDA:3,login
FNDA:5,randomString
FNDA:5,hashPassword
FNDA:9,cleanUserObject
DA:1,1
DA:2,1
DA:4,1
DA:5,6
DA:7,6
DA:8,6
DA:9,1
DA:12,5
DA:13,5
DA:14,5
DA:19,5
DA:20,5
DA:21,5
DA:23,0
DA:24,0
DA:30,1
DA:31,3
DA:32,3
DA:33,3
DA:34,3
DA:35,3
DA:39,1
DA:40,3
DA:41,3
DA:42,3
DA:43,3
DA:44,2
DA:45,2
DA:46,2
DA:47,2
DA:48,1
DA:50,1
DA:53,1
DA:61,5
DA:67,5
DA:68,5
DA:72,9
DA:73,9
DA:74,9
DA:75,9
LF:40
LH:38
BRDA:8,0,0,1
BRDA:8,0,1,5
BRDA:32,1,0,3
BRDA:32,1,1,0
BRDA:42,2,0,3
BRDA:42,2,1,0
BRDA:43,3,0,2
BRDA:43,3,1,1
BRDA:47,4,0,1
BRDA:47,4,1,1
BRF:10
BRH:8
end_of_record
